<?xml version="1.0" encoding="UTF-8"?>
<testng-results skipped="0" failed="0" ignored="0" total="2" passed="2">
  <reporter-output>
  </reporter-output>
  <suite name="Default suite" duration-ms="22923" started-at="2019-09-14T17:55:23 BST" finished-at="2019-09-14T17:55:46 BST">
    <groups>
    </groups>
    <test name="Default test" duration-ms="22923" started-at="2019-09-14T17:55:23 BST" finished-at="2019-09-14T17:55:46 BST">
      <class name="testPackage.DependsonTestBase">
        <test-method status="PASS" signature="Login()[pri:0, instance:testPackage.DependsonTestBase@6f1fba17]" name="Login" duration-ms="22702" started-at="2019-09-14T17:55:23 BST" finished-at="2019-09-14T17:55:46 BST">
          <reporter-output>
          </reporter-output>
        </test-method> <!-- Login -->
        <test-method status="PASS" signature="software()[pri:0, instance:testPackage.DependsonTestBase@6f1fba17]" name="software" duration-ms="4" started-at="2019-09-14T17:55:46 BST" finished-at="2019-09-14T17:55:46 BST">
          <reporter-output>
          </reporter-output>
        </test-method> <!-- software -->
        <test-method status="PASS" signature="DeInstallSoftware()[pri:0, instance:testPackage.DependsonTestBase@6f1fba17]" name="DeInstallSoftware" is-config="true" duration-ms="2" started-at="2019-09-14T17:55:47 BST" finished-at="2019-09-14T17:55:47 BST">
          <reporter-output>
          </reporter-output>
        </test-method> <!-- DeInstallSoftware -->
      </class> <!-- testPackage.DependsonTestBase -->
    </test> <!-- Default test -->
  </suite> <!-- Default suite -->
</testng-results>
